# JRE version: OpenJDK Runtime Environment (8.0_152-b02) (build 1.8.0_152-release-1024-b02)
# Java VM: OpenJDK 64-Bit Server VM (25.152-b02 mixed mode windows-amd64 compressed oops)
Heap:
 PSYoungGen      total 384000K, used 113379K [0x00000000e0000000, 0x00000000fde80000, 0x0000000100000000)
  eden space 315392K, 25% used [0x00000000e0000000,0x00000000e4de4748,0x00000000f3400000)
  from space 68608K, 49% used [0x00000000f3400000,0x00000000f54d4860,0x00000000f7700000)
  to   space 70144K, 0% used [0x00000000f9a00000,0x00000000f9a00000,0x00000000fde80000)
 ParOldGen       total 485376K, used 247862K [0x00000000a0000000, 0x00000000bda00000, 0x00000000e0000000)
  object space 485376K, 51% used [0x00000000a0000000,0x00000000af20d958,0x00000000bda00000)
 Metaspace       used 101212K, capacity 107874K, committed 108032K, reserved 1142784K
  class space    used 12505K, capacity 13745K, committed 13824K, reserved 1048576K
GC Heap History (10 events):
Event: 3295.833 GC heap before
{Heap before GC invocations=62 (full 5):
 PSYoungGen      total 381952K, used 311373K [0x00000000e0000000, 0x00000000fd480000, 0x0000000100000000)
  eden space 301568K, 100% used [0x00000000e0000000,0x00000000f2680000,0x00000000f2680000)
  from space 80384K, 12% used [0x00000000f8600000,0x00000000f8f936a0,0x00000000fd480000)
  to   space 89088K, 0% used [0x00000000f2680000,0x00000000f2680000,0x00000000f7d80000)
 ParOldGen       total 485376K, used 247830K [0x00000000a0000000, 0x00000000bda00000, 0x00000000e0000000)
  object space 485376K, 51% used [0x00000000a0000000,0x00000000af205958,0x00000000bda00000)
 Metaspace       used 99349K, capacity 104778K, committed 105088K, reserved 1140736K
  class space    used 12257K, capacity 13308K, committed 13440K, reserved 1048576K
Event: 3295.865 GC heap after
Heap after GC invocations=62 (full 5):
 PSYoungGen      total 390656K, used 8208K [0x00000000e0000000, 0x00000000fd480000, 0x0000000100000000)
  eden space 301568K, 0% used [0x00000000e0000000,0x00000000e0000000,0x00000000f2680000)
  from space 89088K, 9% used [0x00000000f2680000,0x00000000f2e84030,0x00000000f7d80000)
  to   space 83968K, 0% used [0x00000000f8280000,0x00000000f8280000,0x00000000fd480000)
 ParOldGen       total 485376K, used 247838K [0x00000000a0000000, 0x00000000bda00000, 0x00000000e0000000)
  object space 485376K, 51% used [0x00000000a0000000,0x00000000af207958,0x00000000bda00000)
 Metaspace       used 99349K, capacity 104778K, committed 105088K, reserved 1140736K
  class space    used 12257K, capacity 13308K, committed 13440K, reserved 1048576K
}
Event: 3471.083 GC heap before
{Heap before GC invocations=63 (full 5):
 PSYoungGen      total 390656K, used 309776K [0x00000000e0000000, 0x00000000fd480000, 0x0000000100000000)
  eden space 301568K, 100% used [0x00000000e0000000,0x00000000f2680000,0x00000000f2680000)
  from space 89088K, 9% used [0x00000000f2680000,0x00000000f2e84030,0x00000000f7d80000)
  to   space 83968K, 0% used [0x00000000f8280000,0x00000000f8280000,0x00000000fd480000)
 ParOldGen       total 485376K, used 247838K [0x00000000a0000000, 0x00000000bda00000, 0x00000000e0000000)
  object space 485376K, 51% used [0x00000000a0000000,0x00000000af207958,0x00000000bda00000)
 Metaspace       used 100579K, capacity 106970K, committed 107136K, reserved 1142784K
  class space    used 12439K, capacity 13631K, committed 13696K, reserved 1048576K
Event: 3471.116 GC heap after
Heap after GC invocations=63 (full 5):
 PSYoungGen      total 378368K, used 15408K [0x00000000e0000000, 0x00000000fc580000, 0x0000000100000000)
  eden space 309760K, 0% used [0x00000000e0000000,0x00000000e0000000,0x00000000f2e80000)
  from space 68608K, 22% used [0x00000000f8280000,0x00000000f918c0e8,0x00000000fc580000)
  to   space 77312K, 0% used [0x00000000f2e80000,0x00000000f2e80000,0x00000000f7a00000)
 ParOldGen       total 485376K, used 247846K [0x00000000a0000000, 0x00000000bda00000, 0x00000000e0000000)
  object space 485376K, 51% used [0x00000000a0000000,0x00000000af209958,0x00000000bda00000)
 Metaspace       used 100579K, capacity 106970K, committed 107136K, reserved 1142784K
  class space    used 12439K, capacity 13631K, committed 13696K, reserved 1048576K
}
Event: 3787.461 GC heap before
{Heap before GC invocations=64 (full 5):
 PSYoungGen      total 378368K, used 325168K [0x00000000e0000000, 0x00000000fc580000, 0x0000000100000000)
  eden space 309760K, 100% used [0x00000000e0000000,0x00000000f2e80000,0x00000000f2e80000)
  from space 68608K, 22% used [0x00000000f8280000,0x00000000f918c0e8,0x00000000fc580000)
  to   space 77312K, 0% used [0x00000000f2e80000,0x00000000f2e80000,0x00000000f7a00000)
 ParOldGen       total 485376K, used 247846K [0x00000000a0000000, 0x00000000bda00000, 0x00000000e0000000)
  object space 485376K, 51% used [0x00000000a0000000,0x00000000af209958,0x00000000bda00000)
 Metaspace       used 100773K, capacity 107274K, committed 107392K, reserved 1142784K
  class space    used 12451K, capacity 13651K, committed 13696K, reserved 1048576K
Event: 3787.776 GC heap after
Heap after GC invocations=64 (full 5):
 PSYoungGen      total 387072K, used 11568K [0x00000000e0000000, 0x00000000fc380000, 0x0000000100000000)
  eden space 309760K, 0% used [0x00000000e0000000,0x00000000e0000000,0x00000000f2e80000)
  from space 77312K, 14% used [0x00000000f2e80000,0x00000000f39cc030,0x00000000f7a00000)
  to   space 72704K, 0% used [0x00000000f7c80000,0x00000000f7c80000,0x00000000fc380000)
 ParOldGen       total 485376K, used 247854K [0x00000000a0000000, 0x00000000bda00000, 0x00000000e0000000)
  object space 485376K, 51% used [0x00000000a0000000,0x00000000af20b958,0x00000000bda00000)
 Metaspace       used 100773K, capacity 107274K, committed 107392K, reserved 1142784K
  class space    used 12451K, capacity 13651K, committed 13696K, reserved 1048576K
}
Event: 4531.690 GC heap before
{Heap before GC invocations=65 (full 5):
 PSYoungGen      total 387072K, used 321328K [0x00000000e0000000, 0x00000000fc380000, 0x0000000100000000)
  eden space 309760K, 100% used [0x00000000e0000000,0x00000000f2e80000,0x00000000f2e80000)
  from space 77312K, 14% used [0x00000000f2e80000,0x00000000f39cc030,0x00000000f7a00000)
  to   space 72704K, 0% used [0x00000000f7c80000,0x00000000f7c80000,0x00000000fc380000)
 ParOldGen       total 485376K, used 247854K [0x00000000a0000000, 0x00000000bda00000, 0x00000000e0000000)
  object space 485376K, 51% used [0x00000000a0000000,0x00000000af20b958,0x00000000bda00000)
 Metaspace       used 101021K, capacity 107574K, committed 107776K, reserved 1142784K
  class space    used 12482K, capacity 13717K, committed 13824K, reserved 1048576K
Event: 4531.840 GC heap after
Heap after GC invocations=65 (full 5):
 PSYoungGen      total 378368K, used 6672K [0x00000000e0000000, 0x00000000fba00000, 0x0000000100000000)
  eden space 315392K, 0% used [0x00000000e0000000,0x00000000e0000000,0x00000000f3400000)
  from space 62976K, 10% used [0x00000000f7c80000,0x00000000f8304020,0x00000000fba00000)
  to   space 68608K, 0% used [0x00000000f3400000,0x00000000f3400000,0x00000000f7700000)
 ParOldGen       total 485376K, used 247862K [0x00000000a0000000, 0x00000000bda00000, 0x00000000e0000000)
  object space 485376K, 51% used [0x00000000a0000000,0x00000000af20d958,0x00000000bda00000)
 Metaspace       used 101021K, capacity 107574K, committed 107776K, reserved 1142784K
  class space    used 12482K, capacity 13717K, committed 13824K, reserved 1048576K
}
Event: 4627.610 GC heap before
{Heap before GC invocations=66 (full 5):
 PSYoungGen      total 378368K, used 322064K [0x00000000e0000000, 0x00000000fba00000, 0x0000000100000000)
  eden space 315392K, 100% used [0x00000000e0000000,0x00000000f3400000,0x00000000f3400000)
  from space 62976K, 10% used [0x00000000f7c80000,0x00000000f8304020,0x00000000fba00000)
  to   space 68608K, 0% used [0x00000000f3400000,0x00000000f3400000,0x00000000f7700000)
 ParOldGen       total 485376K, used 247862K [0x00000000a0000000, 0x00000000bda00000, 0x00000000e0000000)
  object space 485376K, 51% used [0x00000000a0000000,0x00000000af20d958,0x00000000bda00000)
 Metaspace       used 101166K, capacity 107804K, committed 108032K, reserved 1142784K
  class space    used 12504K, capacity 13744K, committed 13824K, reserved 1048576K
Event: 4636.164 GC heap after
Heap after GC invocations=66 (full 5):
 PSYoungGen      total 384000K, used 33618K [0x00000000e0000000, 0x00000000fde80000, 0x0000000100000000)
  eden space 315392K, 0% used [0x00000000e0000000,0x00000000e0000000,0x00000000f3400000)
  from space 68608K, 49% used [0x00000000f3400000,0x00000000f54d4860,0x00000000f7700000)
  to   space 70144K, 0% used [0x00000000f9a00000,0x00000000f9a00000,0x00000000fde80000)
 ParOldGen       total 485376K, used 247862K [0x00000000a0000000, 0x00000000bda00000, 0x00000000e0000000)
  object space 485376K, 51% used [0x00000000a0000000,0x00000000af20d958,0x00000000bda00000)
 Metaspace       used 101166K, capacity 107804K, committed 108032K, reserved 1142784K
  class space    used 12504K, capacity 13744K, committed 13824K, reserved 1048576K
}

